<?xml version="1.0" encoding="utf-8"?><testsuites name="pytest tests"><testsuite name="pytest" errors="0" failures="0" skipped="0" tests="24" time="3.749" timestamp="2026-07-23T11:41:09.433869+00:00" hostname="agent-env-a0ac4616-31d6-4b07-b3ab-e6a7d5ab69a6"><testcase classname="tests.backend_test.TestDashboardConversion" name="test_currency_receivable_persistence_and_conversion" time="0.834" /><testcase classname="tests.backend_test.TestRegression" name="test_dashboard_summary_shape" time="0.663" /><testcase classname="tests.backend_test.TestRegression" name="test_upcoming" time="0.048" /><testcase classname="tests.backend_test.TestRegression" name="test_analytics_monthly" time="0.046" /><testcase classname="tests.backend_test.TestRegression" name="test_todos_crud" time="0.146" /><testcase classname="tests.backend_test.TestDashboardConversion" name="test_currency_expense_eur" time="0.287" /><testcase classname="tests.backend_test.TestRegression" name="test_notifications_status" time="0.049" /><testcase classname="tests.backend_test.TestRegression" name="test_export_csv" time="0.091" /><testcase classname="tests.test_reports_backup.TestBackupImport" name="test_import_requires_auth" time="0.135" /><testcase classname="tests.backend_test.TestDashboardConversion" name="test_currency_bank_xau" time="0.430" /><testcase classname="tests.test_reports_backup.TestBackupImport" name="test_import_append_inserts_records" time="0.578" /><testcase classname="tests.backend_test.TestDashboardConversion" name="test_zzz_cleanup" time="0.195" /><testcase classname="tests.backend_test.TestRates" name="test_get_rates" time="0.042" /><testcase classname="tests.test_reports_backup.TestBackupImport" name="test_import_replace_wipes_and_reinserts" time="0.208" /><testcase classname="tests.backend_test.TestRates" name="test_refresh_rates" time="0.211" /><testcase classname="tests.test_reports_backup.TestBackupImport" name="test_zzz_cleanup" time="0.318" /><testcase classname="tests.backend_test.TestRates" name="test_rates_requires_auth" time="0.145" /><testcase classname="tests.test_reports_backup.TestPdfReport" name="test_pdf_requires_auth" time="0.136" /><testcase classname="tests.backend_test.TestAuth" name="test_me" time="0.041" /><testcase classname="tests.backend_test.TestAuth" name="test_me_unauth" time="0.288" /><testcase classname="tests.test_reports_backup.TestPdfReport" name="test_pdf_returns_valid_pdf" time="0.386" /><testcase classname="tests.test_reports_backup.TestBackupExport" name="test_export_requires_auth" time="0.274" /><testcase classname="tests.test_reports_backup.TestBackupRoundTrip" name="test_export_then_import_replace" time="0.799" /><testcase classname="tests.test_reports_backup.TestBackupExport" name="test_export_shape" time="0.044" /></testsuite></testsuites>