<?xml version="1.0" encoding="utf-8"?><testsuites name="pytest tests"><testsuite name="pytest" errors="0" failures="0" skipped="0" tests="24" time="3.414" timestamp="2026-07-23T11:34:26.281245+00:00" hostname="agent-env-a0ac4616-31d6-4b07-b3ab-e6a7d5ab69a6"><testcase classname="tests.backend_test.TestDashboardConversion" name="test_currency_receivable_persistence_and_conversion" time="0.861" /><testcase classname="tests.backend_test.TestRegression" name="test_dashboard_summary_shape" time="0.652" /><testcase classname="tests.backend_test.TestRegression" name="test_upcoming" time="0.050" /><testcase classname="tests.backend_test.TestRegression" name="test_analytics_monthly" time="0.061" /><testcase classname="tests.backend_test.TestRegression" name="test_todos_crud" time="0.099" /><testcase classname="tests.backend_test.TestDashboardConversion" name="test_currency_expense_eur" time="0.203" /><testcase classname="tests.backend_test.TestRegression" name="test_notifications_status" time="0.090" /><testcase classname="tests.backend_test.TestRegression" name="test_export_csv" time="0.052" /><testcase classname="tests.test_reports_backup.TestBackupImport" name="test_import_requires_auth" time="0.114" /><testcase classname="tests.backend_test.TestDashboardConversion" name="test_currency_bank_xau" time="0.444" /><testcase classname="tests.test_reports_backup.TestBackupImport" name="test_import_append_inserts_records" time="0.588" /><testcase classname="tests.backend_test.TestDashboardConversion" name="test_zzz_cleanup" time="0.178" /><testcase classname="tests.backend_test.TestRates" name="test_get_rates" time="0.047" /><testcase classname="tests.test_reports_backup.TestBackupImport" name="test_import_replace_wipes_and_reinserts" time="0.287" /><testcase classname="tests.backend_test.TestRates" name="test_refresh_rates" time="0.151" /><testcase classname="tests.backend_test.TestRates" name="test_rates_requires_auth" time="0.127" /><testcase classname="tests.test_reports_backup.TestBackupImport" name="test_zzz_cleanup" time="0.675" /><testcase classname="tests.test_reports_backup.TestPdfReport" name="test_pdf_requires_auth" time="0.103" /><testcase classname="tests.test_reports_backup.TestPdfReport" name="test_pdf_returns_valid_pdf" time="0.388" /><testcase classname="tests.test_reports_backup.TestBackupExport" name="test_export_requires_auth" time="0.103" /><testcase classname="tests.test_reports_backup.TestBackupExport" name="test_export_shape" time="0.053" /><testcase classname="tests.test_reports_backup.TestBackupRoundTrip" name="test_export_then_import_replace" time="0.441" /><testcase classname="tests.backend_test.TestAuth" name="test_me" time="0.050" /><testcase classname="tests.backend_test.TestAuth" name="test_me_unauth" time="0.137" /></testsuite></testsuites>