<?xml version="1.0" encoding="utf-8"?><testsuites name="pytest tests"><testsuite name="pytest" errors="0" failures="0" skipped="0" tests="15" time="2.107" timestamp="2026-07-23T11:11:01.203529+00:00" hostname="agent-env-a0ac4616-31d6-4b07-b3ab-e6a7d5ab69a6"><testcase classname="tests.backend_test.TestRegression" name="test_dashboard_summary_shape" time="0.762" /><testcase classname="tests.backend_test.TestDashboardConversion" name="test_currency_receivable_persistence_and_conversion" time="1.043" /><testcase classname="tests.backend_test.TestRegression" name="test_upcoming" time="0.095" /><testcase classname="tests.backend_test.TestRegression" name="test_analytics_monthly" time="0.050" /><testcase classname="tests.backend_test.TestRegression" name="test_todos_crud" time="0.160" /><testcase classname="tests.backend_test.TestDashboardConversion" name="test_currency_expense_eur" time="0.285" /><testcase classname="tests.backend_test.TestRegression" name="test_notifications_status" time="0.094" /><testcase classname="tests.backend_test.TestRegression" name="test_export_csv" time="0.068" /><testcase classname="tests.backend_test.TestRates" name="test_get_rates" time="0.047" /><testcase classname="tests.backend_test.TestRates" name="test_refresh_rates" time="0.137" /><testcase classname="tests.backend_test.TestDashboardConversion" name="test_currency_bank_xau" time="0.248" /><testcase classname="tests.backend_test.TestRates" name="test_rates_requires_auth" time="0.136" /><testcase classname="tests.backend_test.TestAuth" name="test_me" time="0.089" /><testcase classname="tests.backend_test.TestDashboardConversion" name="test_zzz_cleanup" time="0.151" /><testcase classname="tests.backend_test.TestAuth" name="test_me_unauth" time="0.153" /></testsuite></testsuites>